<?xml version="1.0" encoding="UTF-8"?>
<!-- Generated by org.testng.reporters.JUnitXMLReporter -->
<testsuite ignored="0" hostname="Harish" failures="0" tests="11" name="Test" time="344.429" errors="0" timestamp="2021-09-28T19:33:43 IST">
  <testcase classname="com.ULHPOM.Runner.AllTestcases" name="TrackOrder" time="14.146"/>
  <testcase classname="com.ULHPOM.Runner.AllTestcases" name="TrackOrder" time="13.687"/>
  <testcase classname="com.ULHPOM.Runner.AllTestcases" name="GetCities" time="5.337"/>
  <testcase classname="com.ULHPOM.Runner.AllTestcases" name="TvPrice" time="10.386"/>
  <testcase classname="com.ULHPOM.Runner.AllTestcases" name="VerifyGiftCard" time="27.189"/>
  <testcase classname="com.ULHPOM.Runner.AllTestcases" name="GetTwitterFollowers" time="22.501"/>
  <testcase classname="com.ULHPOM.Runner.AllTestcases" name="CheckoutItem" time="15.834"/>
  <testcase classname="com.ULHPOM.Runner.AllTestcases" name="ChatSupportCkeck" time="11.751"/>
  <testcase classname="com.ULHPOM.Runner.AllTestcases" name="NoOfLinksinStoresPage" time="7.523"/>
  <testcase classname="com.ULHPOM.Runner.AllTestcases" name="SearchForItem" time="3.125"/>
  <testcase classname="com.ULHPOM.Runner.AllTestcases" name="SelectRecommendations" time="3.98"/>
</testsuite> <!-- Test -->
